Build started 8/8/2014 3:26:20 PM.
     1>Project "C:\Users\Wei_Tian\Desktop\win-share\Case5\Miao 3D case C\Miao 3D case C\Miao 3D case C.vcxproj" on node 2 (Build target(s)).
     1>ClCompile:
         C:\Program Files (x86)\Microsoft Visual Studio 11.0\VC\bin\CL.exe /c /ZI /nologo /W3 /WX- /Od /Oy- /D WIN32 /D _DEBUG /D _CONSOLE /D _UNICODE /D UNICODE /Gm /EHsc /RTC1 /MDd /GS /fp:precise /Zc:wchar_t /Zc:forScope /Fo"Debug\\" /Fd"Debug\vc110.pdb" /Gd /TC /analyze- /errorReport:prompt init.c solver.c
         solver.c
         init.c
     1>c:\users\wei_tian\desktop\win-share\case5\miao 3d case c\miao 3d case c\init.c(52): warning C4305: '=' : truncation from 'double' to 'float'
     1>c:\users\wei_tian\desktop\win-share\case5\miao 3d case c\miao 3d case c\init.c(57): warning C4244: '=' : conversion from 'double' to 'clock_t', possible loss of data
     1>c:\users\wei_tian\desktop\win-share\case5\miao 3d case c\miao 3d case c\init.c(62): warning C4305: '=' : truncation from 'double' to 'float'
     1>c:\users\wei_tian\desktop\win-share\case5\miao 3d case c\miao 3d case c\init.c(65): warning C4305: '=' : truncation from 'double' to 'float'
     1>c:\users\wei_tian\desktop\win-share\case5\miao 3d case c\miao 3d case c\init.c(67): warning C4305: '=' : truncation from 'double' to 'float'
     1>c:\users\wei_tian\desktop\win-share\case5\miao 3d case c\miao 3d case c\init.c(68): warning C4305: '=' : truncation from 'double' to 'float'
     1>c:\users\wei_tian\desktop\win-share\case5\miao 3d case c\miao 3d case c\init.c(72): warning C4305: '=' : truncation from 'double' to 'float'
     1>c:\users\wei_tian\desktop\win-share\case5\miao 3d case c\miao 3d case c\init.c(73): warning C4305: '=' : truncation from 'double' to 'float'
     1>c:\users\wei_tian\desktop\win-share\case5\miao 3d case c\miao 3d case c\init.c(74): warning C4305: '=' : truncation from 'double' to 'float'
     1>c:\users\wei_tian\desktop\win-share\case5\miao 3d case c\miao 3d case c\init.c(205): warning C4305: '=' : truncation from 'double' to 'float'
     1>c:\users\wei_tian\desktop\win-share\case5\miao 3d case c\miao 3d case c\init.c(206): warning C4305: '=' : truncation from 'double' to 'float'
     1>c:\users\wei_tian\desktop\win-share\case5\miao 3d case c\miao 3d case c\init.c(207): warning C4305: '=' : truncation from 'double' to 'float'
     1>c:\users\wei_tian\desktop\win-share\case5\miao 3d case c\miao 3d case c\init.c(208): warning C4305: '=' : truncation from 'double' to 'float'
         Generating Code...
       Link:
         C:\Program Files (x86)\Microsoft Visual Studio 11.0\VC\bin\link.exe /ERRORREPORT:PROMPT /OUT:"C:\Users\Wei_Tian\Desktop\win-share\Case5\Miao 3D case C\Miao 3D case C\Debug\Miao 3D case C.exe" /INCREMENTAL /NOLOGO kernel32.lib user32.lib gdi32.lib winspool.lib comdlg32.lib advapi32.lib shell32.lib ole32.lib oleaut32.lib uuid.lib odbc32.lib odbccp32.lib /MANIFEST /MANIFESTUAC:"level='asInvoker' uiAccess='false'" /manifest:embed /DEBUG /PDB:"C:\Users\Wei_Tian\Desktop\win-share\Case5\Miao 3D case C\Miao 3D case C\Debug\Miao 3D case C.pdb" /SUBSYSTEM:CONSOLE /TLBID:1 /DYNAMICBASE /NXCOMPAT /IMPLIB:"C:\Users\Wei_Tian\Desktop\win-share\Case5\Miao 3D case C\Miao 3D case C\Debug\Miao 3D case C.lib" /MACHINE:X86 /SAFESEH Debug\advection_new2_copy.obj
         Debug\boundary_Convective.obj
         Debug\chen_zero_equ_model.obj
         Debug\demo.obj
         Debug\diffusion.obj
         Debug\grid.obj
         Debug\init.obj
         "Debug\inlet profile.obj"
         Debug\interpolation.obj
         Debug\parameters.obj
         Debug\projection.obj
         Debug\read_data.obj
         Debug\solver.obj
         Debug\solver_gs.obj
         Debug\solver_tdma.obj
         Debug\timing.obj
         Debug\utility.obj
         Debug\write_data.obj
         Miao 3D case C.vcxproj -> C:\Users\Wei_Tian\Desktop\win-share\Case5\Miao 3D case C\Miao 3D case C\Debug\Miao 3D case C.exe
     1>Done Building Project "C:\Users\Wei_Tian\Desktop\win-share\Case5\Miao 3D case C\Miao 3D case C\Miao 3D case C.vcxproj" (Build target(s)).

Build succeeded.

Time Elapsed 00:00:00.45
